build/app/intermediates/manifest_merge_blame_file/debug/manifest-merger-blame-debug-report.txt
1<?xml version="1.0" encoding="utf-8"?>
2<manifest xmlns:android="http://schemas.android.com/apk/res/android"
3    package="com.example.hyper_garage_sale"
4    android:versionCode="1"
5    android:versionName="1.0.0" >
6
7    <uses-sdk
8        android:minSdkVersion="23"
9        android:targetSdkVersion="29" />
10    <!--
11         Flutter needs it to communicate with the running application
12         to allow setting breakpoints, to provide hot reload, etc.
13    -->
14    <uses-permission android:name="android.permission.INTERNET" />
14-->src/debug/AndroidManifest.xml:6:5-66
14-->src/debug/AndroidManifest.xml:6:22-64
15    <uses-permission android:name="android.permission.ACCESS_FINE_LOCATION" />
15-->[:geolocator] AndroidManifest.xml:7:5-79
15-->[:geolocator] AndroidManifest.xml:7:22-76
16    <uses-permission android:name="android.permission.READ_EXTERNAL_STORAGE" />
16-->[:image_picker] AndroidManifest.xml:7:5-80
16-->[:image_picker] AndroidManifest.xml:7:22-77
17    <uses-permission android:name="android.permission.WRITE_EXTERNAL_STORAGE" />
17-->[:image_picker] AndroidManifest.xml:8:5-81
17-->[:image_picker] AndroidManifest.xml:8:22-78
18    <uses-permission android:name="android.permission.RECEIVE_BOOT_COMPLETED" />
18-->[:flutter_local_notifications] AndroidManifest.xml:7:5-81
18-->[:flutter_local_notifications] AndroidManifest.xml:7:22-78
19    <uses-permission android:name="android.permission.VIBRATE" />
19-->[:flutter_local_notifications] AndroidManifest.xml:8:5-66
19-->[:flutter_local_notifications] AndroidManifest.xml:8:22-63
20    <uses-permission android:name="android.permission.USE_FULL_SCREEN_INTENT" />
20-->[:flutter_local_notifications] AndroidManifest.xml:9:5-81
20-->[:flutter_local_notifications] AndroidManifest.xml:9:22-78
21    <uses-permission android:name="android.permission.ACCESS_COARSE_LOCATION" />
21-->[:location] AndroidManifest.xml:7:5-81
21-->[:location] AndroidManifest.xml:7:22-78
22    <uses-permission android:name="android.permission.ACCESS_NETWORK_STATE" />
22-->[com.google.firebase:firebase-config:20.0.2] AndroidManifest.xml:25:5-79
22-->[com.google.firebase:firebase-config:20.0.2] AndroidManifest.xml:25:22-76
23
24    <uses-feature
24-->[com.google.android.gms:play-services-maps:17.0.0] AndroidManifest.xml:26:5-28:35
25        android:glEsVersion="0x00020000"
25-->[com.google.android.gms:play-services-maps:17.0.0] AndroidManifest.xml:27:9-41
26        android:required="true" />
26-->[com.google.android.gms:play-services-maps:17.0.0] AndroidManifest.xml:28:9-32
27
28    <uses-permission android:name="android.permission.WAKE_LOCK" />
28-->[com.google.android.gms:play-services-measurement-api:18.0.0] AndroidManifest.xml:24:5-68
28-->[com.google.android.gms:play-services-measurement-api:18.0.0] AndroidManifest.xml:24:22-65
29    <uses-permission android:name="com.google.android.finsky.permission.BIND_GET_INSTALL_REFERRER_SERVICE" />
29-->[com.google.android.gms:play-services-measurement:18.0.0] AndroidManifest.xml:26:5-110
29-->[com.google.android.gms:play-services-measurement:18.0.0] AndroidManifest.xml:26:22-107
30    <!--
31 io.flutter.app.FlutterApplication is an android.app.Application that
32         calls FlutterMain.startInitialization(this); in its onCreate method.
33         In most cases you can leave this as-is, but you if you want to provide
34         additional functionality it is fine to subclass or reimplement
35         FlutterApplication and put your custom class here.
36    -->
37    <application
37-->src/main/AndroidManifest.xml:8:5-54:19
38        android:name="io.flutter.app.FlutterApplication"
38-->src/main/AndroidManifest.xml:9:9-57
39        android:appComponentFactory="androidx.core.app.CoreComponentFactory"
39-->[androidx.core:core:1.3.0] AndroidManifest.xml:24:18-86
40        android:debuggable="true"
41        android:icon="@mipmap/ic_launcher"
41-->src/main/AndroidManifest.xml:11:9-43
42        android:label="hyper_garage_sale" >
42-->src/main/AndroidManifest.xml:10:9-42
43        <activity
43-->src/main/AndroidManifest.xml:12:9-44:20
44            android:name="com.example.hyper_garage_sale.MainActivity"
44-->src/main/AndroidManifest.xml:13:13-41
45            android:configChanges="orientation|keyboardHidden|keyboard|screenSize|smallestScreenSize|locale|layoutDirection|fontScale|screenLayout|density|uiMode"
45-->src/main/AndroidManifest.xml:16:13-163
46            android:hardwareAccelerated="true"
46-->src/main/AndroidManifest.xml:17:13-47
47            android:launchMode="singleTop"
47-->src/main/AndroidManifest.xml:14:13-43
48            android:theme="@style/LaunchTheme"
48-->src/main/AndroidManifest.xml:15:13-47
49            android:windowSoftInputMode="adjustResize" >
49-->src/main/AndroidManifest.xml:18:13-55
50
51            <!--
52                 Specifies an Android theme to apply to this Activity as soon as
53                 the Android process has started. This theme is visible to the user
54                 while the Flutter UI initializes. After that, this theme continues
55                 to determine the Window background behind the Flutter UI.
56            -->
57            <meta-data
57-->src/main/AndroidManifest.xml:23:13-26:17
58                android:name="io.flutter.embedding.android.NormalTheme"
58-->src/main/AndroidManifest.xml:24:15-70
59                android:resource="@style/NormalTheme" />
59-->src/main/AndroidManifest.xml:25:15-52
60            <!--
61                 Displays an Android View that continues showing the launch screen
62                 Drawable until Flutter paints its first frame, then this splash
63                 screen fades out. A splash screen is useful to avoid any visual
64                 gap between the end of Android's launch screen and the painting of
65                 Flutter's first frame.
66            -->
67            <meta-data
67-->src/main/AndroidManifest.xml:32:13-35:17
68                android:name="io.flutter.embedding.android.SplashScreenDrawable"
68-->src/main/AndroidManifest.xml:33:15-79
69                android:resource="@drawable/launch_background" />
69-->src/main/AndroidManifest.xml:34:15-61
70            <meta-data
70-->src/main/AndroidManifest.xml:36:13-39:17
71                android:name="com.google.android.geo.API_KEY"
71-->src/main/AndroidManifest.xml:37:15-60
72                android:value="YOUR_GEO_API" />
72-->src/main/AndroidManifest.xml:38:15-43
73
74            <intent-filter>
74-->src/main/AndroidManifest.xml:40:13-43:29
75                <action android:name="android.intent.action.MAIN" />
75-->src/main/AndroidManifest.xml:41:17-68
75-->src/main/AndroidManifest.xml:41:25-66
76
77                <category android:name="android.intent.category.LAUNCHER" />
77-->src/main/AndroidManifest.xml:42:17-76
77-->src/main/AndroidManifest.xml:42:27-74
78            </intent-filter>
79        </activity>
80        <!--
81             Don't delete the meta-data below.
82             This is used by the Flutter tool to generate GeneratedPluginRegistrant.java
83        -->
84        <meta-data
84-->src/main/AndroidManifest.xml:47:9-49:33
85            android:name="flutterEmbedding"
85-->src/main/AndroidManifest.xml:48:13-44
86            android:value="2" />
86-->src/main/AndroidManifest.xml:49:13-30
87        <meta-data
87-->src/main/AndroidManifest.xml:36:13-39:17
88            android:name="com.google.android.geo.API_KEY"
88-->src/main/AndroidManifest.xml:37:15-60
89            android:value="YOUR_GEO_API" />
89-->src/main/AndroidManifest.xml:38:15-43
90
91        <service
91-->[:firebase_storage] AndroidManifest.xml:8:9-12:19
92            android:name="com.google.firebase.components.ComponentDiscoveryService"
92-->[:firebase_storage] AndroidManifest.xml:8:18-89
93            android:directBootAware="true"
93-->[com.google.firebase:firebase-common:19.4.0] AndroidManifest.xml:35:13-43
94            android:exported="false" >
94-->[com.google.firebase:firebase-ml-vision:24.1.0] AndroidManifest.xml:11:13-37
95            <meta-data
95-->[:firebase_storage] AndroidManifest.xml:9:13-11:85
96                android:name="com.google.firebase.components:io.flutter.plugins.firebase.storage.FlutterFirebaseAppRegistrar"
96-->[:firebase_storage] AndroidManifest.xml:10:17-126
97                android:value="com.google.firebase.components.ComponentRegistrar" />
97-->[:firebase_storage] AndroidManifest.xml:11:17-82
98            <meta-data
98-->[:cloud_firestore] AndroidManifest.xml:9:13-11:85
99                android:name="com.google.firebase.components:io.flutter.plugins.firebase.cloudfirestore.FlutterFirebaseAppRegistrar"
99-->[:cloud_firestore] AndroidManifest.xml:10:17-133
100                android:value="com.google.firebase.components.ComponentRegistrar" />
100-->[:cloud_firestore] AndroidManifest.xml:11:17-82
101            <meta-data
101-->[:firebase_database] AndroidManifest.xml:9:13-11:85
102                android:name="com.google.firebase.components:io.flutter.plugins.firebase.database.FlutterFirebaseAppRegistrar"
102-->[:firebase_database] AndroidManifest.xml:10:17-127
103                android:value="com.google.firebase.components.ComponentRegistrar" />
103-->[:firebase_database] AndroidManifest.xml:11:17-82
104            <meta-data
104-->[:firebase_auth] AndroidManifest.xml:9:13-11:85
105                android:name="com.google.firebase.components:io.flutter.plugins.firebaseauth.FlutterFirebaseAppRegistrar"
105-->[:firebase_auth] AndroidManifest.xml:10:17-122
106                android:value="com.google.firebase.components.ComponentRegistrar" />
106-->[:firebase_auth] AndroidManifest.xml:11:17-82
107            <meta-data
107-->[:firebase_core] AndroidManifest.xml:9:13-11:85
108                android:name="com.google.firebase.components:io.flutter.plugins.firebase.core.FlutterFirebaseAppRegistrar"
108-->[:firebase_core] AndroidManifest.xml:10:17-123
109                android:value="com.google.firebase.components.ComponentRegistrar" />
109-->[:firebase_core] AndroidManifest.xml:11:17-82
110            <meta-data
110-->[:firebase_ml_vision] AndroidManifest.xml:9:13-11:85
111                android:name="com.google.firebase.components:io.flutter.plugins.firebasemlvision.FlutterFirebaseAppRegistrar"
111-->[:firebase_ml_vision] AndroidManifest.xml:10:17-126
112                android:value="com.google.firebase.components.ComponentRegistrar" />
112-->[:firebase_ml_vision] AndroidManifest.xml:11:17-82
113            <meta-data
113-->[com.google.firebase:firebase-ml-vision:24.1.0] AndroidManifest.xml:12:13-14:85
114                android:name="com.google.firebase.components:com.google.firebase.ml.vision.VisionRegistrar"
114-->[com.google.firebase:firebase-ml-vision:24.1.0] AndroidManifest.xml:13:17-108
115                android:value="com.google.firebase.components.ComponentRegistrar" />
115-->[com.google.firebase:firebase-ml-vision:24.1.0] AndroidManifest.xml:14:17-82
116            <meta-data
116-->[com.google.firebase:firebase-config:20.0.2] AndroidManifest.xml:32:13-34:85
117                android:name="com.google.firebase.components:com.google.firebase.remoteconfig.RemoteConfigRegistrar"
117-->[com.google.firebase:firebase-config:20.0.2] AndroidManifest.xml:33:17-117
118                android:value="com.google.firebase.components.ComponentRegistrar" />
118-->[com.google.firebase:firebase-config:20.0.2] AndroidManifest.xml:34:17-82
119            <meta-data
119-->[com.google.firebase:firebase-ml-common:22.1.2] AndroidManifest.xml:11:13-13:85
120                android:name="com.google.firebase.components:com.google.firebase.ml.common.CommonComponentRegistrar"
120-->[com.google.firebase:firebase-ml-common:22.1.2] AndroidManifest.xml:12:17-117
121                android:value="com.google.firebase.components.ComponentRegistrar" />
121-->[com.google.firebase:firebase-ml-common:22.1.2] AndroidManifest.xml:13:17-82
122            <meta-data
122-->[com.google.firebase:firebase-storage:19.2.0] AndroidManifest.xml:33:13-35:85
123                android:name="com.google.firebase.components:com.google.firebase.storage.StorageRegistrar"
123-->[com.google.firebase:firebase-storage:19.2.0] AndroidManifest.xml:34:17-107
124                android:value="com.google.firebase.components.ComponentRegistrar" />
124-->[com.google.firebase:firebase-storage:19.2.0] AndroidManifest.xml:35:17-82
125            <meta-data
125-->[com.google.firebase:firebase-firestore:22.0.0] AndroidManifest.xml:20:13-22:85
126                android:name="com.google.firebase.components:com.google.firebase.firestore.FirestoreRegistrar"
126-->[com.google.firebase:firebase-firestore:22.0.0] AndroidManifest.xml:21:17-111
127                android:value="com.google.firebase.components.ComponentRegistrar" />
127-->[com.google.firebase:firebase-firestore:22.0.0] AndroidManifest.xml:22:17-82
128            <meta-data
128-->[com.google.firebase:firebase-database:19.5.1] AndroidManifest.xml:32:13-34:85
129                android:name="com.google.firebase.components:com.google.firebase.database.DatabaseRegistrar"
129-->[com.google.firebase:firebase-database:19.5.1] AndroidManifest.xml:33:17-109
130                android:value="com.google.firebase.components.ComponentRegistrar" />
130-->[com.google.firebase:firebase-database:19.5.1] AndroidManifest.xml:34:17-82
131            <meta-data
131-->[com.google.firebase:firebase-auth:20.0.1] AndroidManifest.xml:77:13-79:85
132                android:name="com.google.firebase.components:com.google.firebase.auth.FirebaseAuthRegistrar"
132-->[com.google.firebase:firebase-auth:20.0.1] AndroidManifest.xml:78:17-109
133                android:value="com.google.firebase.components.ComponentRegistrar" />
133-->[com.google.firebase:firebase-auth:20.0.1] AndroidManifest.xml:79:17-82
134            <meta-data
134-->[com.google.android.gms:play-services-measurement-api:18.0.0] AndroidManifest.xml:30:13-32:85
135                android:name="com.google.firebase.components:com.google.firebase.analytics.connector.internal.AnalyticsConnectorRegistrar"
135-->[com.google.android.gms:play-services-measurement-api:18.0.0] AndroidManifest.xml:31:17-139
136                android:value="com.google.firebase.components.ComponentRegistrar" />
136-->[com.google.android.gms:play-services-measurement-api:18.0.0] AndroidManifest.xml:32:17-82
137            <meta-data
137-->[com.google.firebase:firebase-abt:20.0.0] AndroidManifest.xml:13:13-15:85
138                android:name="com.google.firebase.components:com.google.firebase.abt.component.AbtRegistrar"
138-->[com.google.firebase:firebase-abt:20.0.0] AndroidManifest.xml:14:17-109
139                android:value="com.google.firebase.components.ComponentRegistrar" />
139-->[com.google.firebase:firebase-abt:20.0.0] AndroidManifest.xml:15:17-82
140            <meta-data
140-->[com.google.firebase:firebase-installations:16.3.4] AndroidManifest.xml:18:13-20:85
141                android:name="com.google.firebase.components:com.google.firebase.installations.FirebaseInstallationsRegistrar"
141-->[com.google.firebase:firebase-installations:16.3.4] AndroidManifest.xml:19:17-127
142                android:value="com.google.firebase.components.ComponentRegistrar" />
142-->[com.google.firebase:firebase-installations:16.3.4] AndroidManifest.xml:20:17-82
143        </service>
144
145        <provider
145-->[:image_picker] AndroidManifest.xml:11:9-19:20
146            android:name="io.flutter.plugins.imagepicker.ImagePickerFileProvider"
146-->[:image_picker] AndroidManifest.xml:12:13-82
147            android:authorities="com.example.hyper_garage_sale.flutter.image_provider"
147-->[:image_picker] AndroidManifest.xml:13:13-74
148            android:exported="false"
148-->[:image_picker] AndroidManifest.xml:14:13-37
149            android:grantUriPermissions="true" >
149-->[:image_picker] AndroidManifest.xml:15:13-47
150            <meta-data
150-->[:image_picker] AndroidManifest.xml:16:13-18:75
151                android:name="android.support.FILE_PROVIDER_PATHS"
151-->[:image_picker] AndroidManifest.xml:17:17-67
152                android:resource="@xml/flutter_image_picker_file_paths" />
152-->[:image_picker] AndroidManifest.xml:18:17-72
153        </provider>
154
155        <activity
155-->[:url_launcher] AndroidManifest.xml:8:9-11:74
156            android:name="io.flutter.plugins.urllauncher.WebViewActivity"
156-->[:url_launcher] AndroidManifest.xml:9:13-74
157            android:exported="false"
157-->[:url_launcher] AndroidManifest.xml:10:13-37
158            android:theme="@android:style/Theme.NoTitleBar.Fullscreen" />
158-->[:url_launcher] AndroidManifest.xml:11:13-71
159
160        <receiver android:name="com.dexterous.flutterlocalnotifications.ScheduledNotificationReceiver" />
160-->[:flutter_local_notifications] AndroidManifest.xml:12:9-106
160-->[:flutter_local_notifications] AndroidManifest.xml:12:19-103
161        <receiver android:name="com.dexterous.flutterlocalnotifications.ScheduledNotificationBootReceiver" >
161-->[:flutter_local_notifications] AndroidManifest.xml:13:9-20:20
161-->[:flutter_local_notifications] AndroidManifest.xml:13:19-107
162            <intent-filter>
162-->[:flutter_local_notifications] AndroidManifest.xml:14:13-19:29
163                <action android:name="android.intent.action.BOOT_COMPLETED" />
163-->[:flutter_local_notifications] AndroidManifest.xml:15:17-79
163-->[:flutter_local_notifications] AndroidManifest.xml:15:25-76
164                <action android:name="android.intent.action.MY_PACKAGE_REPLACED" />
164-->[:flutter_local_notifications] AndroidManifest.xml:16:17-84
164-->[:flutter_local_notifications] AndroidManifest.xml:16:25-81
165                <action android:name="android.intent.action.QUICKBOOT_POWERON" />
165-->[:flutter_local_notifications] AndroidManifest.xml:17:17-82
165-->[:flutter_local_notifications] AndroidManifest.xml:17:25-79
166                <action android:name="com.htc.intent.action.QUICKBOOT_POWERON" />
166-->[:flutter_local_notifications] AndroidManifest.xml:18:17-82
166-->[:flutter_local_notifications] AndroidManifest.xml:18:25-79
167            </intent-filter>
168        </receiver>
169
170        <service
170-->[com.google.mlkit:image-labeling:17.0.0] AndroidManifest.xml:8:9-14:19
171            android:name="com.google.mlkit.common.internal.MlKitComponentDiscoveryService"
171-->[com.google.mlkit:image-labeling:17.0.0] AndroidManifest.xml:9:13-91
172            android:directBootAware="true"
172-->[com.google.mlkit:common:17.0.0] AndroidManifest.xml:17:13-43
173            android:exported="false" >
173-->[com.google.mlkit:image-labeling:17.0.0] AndroidManifest.xml:10:13-37
174            <meta-data
174-->[com.google.mlkit:image-labeling:17.0.0] AndroidManifest.xml:11:13-13:85
175                android:name="com.google.firebase.components:com.google.mlkit.vision.label.defaults.internal.BundledLabelRegistrar"
175-->[com.google.mlkit:image-labeling:17.0.0] AndroidManifest.xml:12:17-132
176                android:value="com.google.firebase.components.ComponentRegistrar" />
176-->[com.google.mlkit:image-labeling:17.0.0] AndroidManifest.xml:13:17-82
177            <meta-data
177-->[com.google.mlkit:vision-internal-vkp:17.0.1] AndroidManifest.xml:11:13-13:85
178                android:name="com.google.firebase.components:com.google.mlkit.vision.vkp.VkpRegistrar"
178-->[com.google.mlkit:vision-internal-vkp:17.0.1] AndroidManifest.xml:12:17-103
179                android:value="com.google.firebase.components.ComponentRegistrar" />
179-->[com.google.mlkit:vision-internal-vkp:17.0.1] AndroidManifest.xml:13:17-82
180            <meta-data
180-->[com.google.mlkit:vision-common:16.1.0] AndroidManifest.xml:12:13-14:85
181                android:name="com.google.firebase.components:com.google.mlkit.vision.common.internal.VisionCommonRegistrar"
181-->[com.google.mlkit:vision-common:16.1.0] AndroidManifest.xml:13:17-124
182                android:value="com.google.firebase.components.ComponentRegistrar" />
182-->[com.google.mlkit:vision-common:16.1.0] AndroidManifest.xml:14:17-82
183            <meta-data
183-->[com.google.mlkit:common:17.0.0] AndroidManifest.xml:20:13-22:85
184                android:name="com.google.firebase.components:com.google.mlkit.common.internal.CommonComponentRegistrar"
184-->[com.google.mlkit:common:17.0.0] AndroidManifest.xml:21:17-120
185                android:value="com.google.firebase.components.ComponentRegistrar" />
185-->[com.google.mlkit:common:17.0.0] AndroidManifest.xml:22:17-82
186        </service>
187
188        <provider
188-->[com.google.mlkit:common:17.0.0] AndroidManifest.xml:9:9-13:38
189            android:name="com.google.mlkit.common.internal.MlKitInitProvider"
189-->[com.google.mlkit:common:17.0.0] AndroidManifest.xml:10:13-78
190            android:authorities="com.example.hyper_garage_sale.mlkitinitprovider"
190-->[com.google.mlkit:common:17.0.0] AndroidManifest.xml:11:13-69
191            android:exported="false"
191-->[com.google.mlkit:common:17.0.0] AndroidManifest.xml:12:13-37
192            android:initOrder="99" /> <!-- Needs to be explicitly declared on P+ -->
192-->[com.google.mlkit:common:17.0.0] AndroidManifest.xml:13:13-35
193        <uses-library
193-->[com.google.android.gms:play-services-maps:17.0.0] AndroidManifest.xml:33:9-35:40
194            android:name="org.apache.http.legacy"
194-->[com.google.android.gms:play-services-maps:17.0.0] AndroidManifest.xml:34:13-50
195            android:required="false" />
195-->[com.google.android.gms:play-services-maps:17.0.0] AndroidManifest.xml:35:13-37
196
197        <activity
197-->[com.google.firebase:firebase-auth:20.0.1] AndroidManifest.xml:27:9-44:20
198            android:name="com.google.firebase.auth.internal.GenericIdpActivity"
198-->[com.google.firebase:firebase-auth:20.0.1] AndroidManifest.xml:28:13-80
199            android:excludeFromRecents="true"
199-->[com.google.firebase:firebase-auth:20.0.1] AndroidManifest.xml:29:13-46
200            android:exported="true"
200-->[com.google.firebase:firebase-auth:20.0.1] AndroidManifest.xml:30:13-36
201            android:launchMode="singleTask"
201-->[com.google.firebase:firebase-auth:20.0.1] AndroidManifest.xml:31:13-44
202            android:theme="@android:style/Theme.Translucent.NoTitleBar" >
202-->[com.google.firebase:firebase-auth:20.0.1] AndroidManifest.xml:32:13-72
203            <intent-filter>
203-->[com.google.firebase:firebase-auth:20.0.1] AndroidManifest.xml:33:13-43:29
204                <action android:name="android.intent.action.VIEW" />
204-->[com.google.firebase:firebase-auth:20.0.1] AndroidManifest.xml:34:17-69
204-->[com.google.firebase:firebase-auth:20.0.1] AndroidManifest.xml:34:25-66
205
206                <category android:name="android.intent.category.DEFAULT" />
206-->[com.google.firebase:firebase-auth:20.0.1] AndroidManifest.xml:36:17-76
206-->[com.google.firebase:firebase-auth:20.0.1] AndroidManifest.xml:36:27-73
207                <category android:name="android.intent.category.BROWSABLE" />
207-->[com.google.firebase:firebase-auth:20.0.1] AndroidManifest.xml:37:17-78
207-->[com.google.firebase:firebase-auth:20.0.1] AndroidManifest.xml:37:27-75
208
209                <data
209-->[com.google.firebase:firebase-auth:20.0.1] AndroidManifest.xml:39:17-42:51
210                    android:host="firebase.auth"
210-->[com.google.firebase:firebase-auth:20.0.1] AndroidManifest.xml:40:21-49
211                    android:path="/"
211-->[com.google.firebase:firebase-auth:20.0.1] AndroidManifest.xml:41:21-37
212                    android:scheme="genericidp" />
212-->[com.google.firebase:firebase-auth:20.0.1] AndroidManifest.xml:42:21-48
213            </intent-filter>
214        </activity>
215        <activity
215-->[com.google.firebase:firebase-auth:20.0.1] AndroidManifest.xml:45:9-62:20
216            android:name="com.google.firebase.auth.internal.RecaptchaActivity"
216-->[com.google.firebase:firebase-auth:20.0.1] AndroidManifest.xml:46:13-79
217            android:excludeFromRecents="true"
217-->[com.google.firebase:firebase-auth:20.0.1] AndroidManifest.xml:47:13-46
218            android:exported="true"
218-->[com.google.firebase:firebase-auth:20.0.1] AndroidManifest.xml:48:13-36
219            android:launchMode="singleTask"
219-->[com.google.firebase:firebase-auth:20.0.1] AndroidManifest.xml:49:13-44
220            android:theme="@android:style/Theme.Translucent.NoTitleBar" >
220-->[com.google.firebase:firebase-auth:20.0.1] AndroidManifest.xml:50:13-72
221            <intent-filter>
221-->[com.google.firebase:firebase-auth:20.0.1] AndroidManifest.xml:51:13-61:29
222                <action android:name="android.intent.action.VIEW" />
222-->[com.google.firebase:firebase-auth:20.0.1] AndroidManifest.xml:34:17-69
222-->[com.google.firebase:firebase-auth:20.0.1] AndroidManifest.xml:34:25-66
223
224                <category android:name="android.intent.category.DEFAULT" />
224-->[com.google.firebase:firebase-auth:20.0.1] AndroidManifest.xml:36:17-76
224-->[com.google.firebase:firebase-auth:20.0.1] AndroidManifest.xml:36:27-73
225                <category android:name="android.intent.category.BROWSABLE" />
225-->[com.google.firebase:firebase-auth:20.0.1] AndroidManifest.xml:37:17-78
225-->[com.google.firebase:firebase-auth:20.0.1] AndroidManifest.xml:37:27-75
226
227                <data
227-->[com.google.firebase:firebase-auth:20.0.1] AndroidManifest.xml:39:17-42:51
228                    android:host="firebase.auth"
228-->[com.google.firebase:firebase-auth:20.0.1] AndroidManifest.xml:40:21-49
229                    android:path="/"
229-->[com.google.firebase:firebase-auth:20.0.1] AndroidManifest.xml:41:21-37
230                    android:scheme="recaptcha" />
230-->[com.google.firebase:firebase-auth:20.0.1] AndroidManifest.xml:42:21-48
231            </intent-filter>
232        </activity>
233
234        <service
234-->[com.google.firebase:firebase-auth:20.0.1] AndroidManifest.xml:64:9-73:19
235            android:name="com.google.firebase.auth.api.fallback.service.FirebaseAuthFallbackService"
235-->[com.google.firebase:firebase-auth:20.0.1] AndroidManifest.xml:65:13-101
236            android:enabled="true"
236-->[com.google.firebase:firebase-auth:20.0.1] AndroidManifest.xml:66:13-35
237            android:exported="false" >
237-->[com.google.firebase:firebase-auth:20.0.1] AndroidManifest.xml:67:13-37
238            <intent-filter>
238-->[com.google.firebase:firebase-auth:20.0.1] AndroidManifest.xml:68:13-72:29
239                <action android:name="com.google.firebase.auth.api.gms.service.START" />
239-->[com.google.firebase:firebase-auth:20.0.1] AndroidManifest.xml:69:17-89
239-->[com.google.firebase:firebase-auth:20.0.1] AndroidManifest.xml:69:25-86
240
241                <category android:name="android.intent.category.DEFAULT" />
241-->[com.google.firebase:firebase-auth:20.0.1] AndroidManifest.xml:36:17-76
241-->[com.google.firebase:firebase-auth:20.0.1] AndroidManifest.xml:36:27-73
242            </intent-filter>
243        </service>
244
245        <activity
245-->[com.google.android.gms:play-services-base:17.2.1] AndroidManifest.xml:23:9-26:75
246            android:name="com.google.android.gms.common.api.GoogleApiActivity"
246-->[com.google.android.gms:play-services-base:17.2.1] AndroidManifest.xml:24:13-79
247            android:exported="false"
247-->[com.google.android.gms:play-services-base:17.2.1] AndroidManifest.xml:25:13-37
248            android:theme="@android:style/Theme.Translucent.NoTitleBar" />
248-->[com.google.android.gms:play-services-base:17.2.1] AndroidManifest.xml:26:13-72
249
250        <provider
250-->[com.google.firebase:firebase-common:19.4.0] AndroidManifest.xml:26:9-31:39
251            android:name="com.google.firebase.provider.FirebaseInitProvider"
251-->[com.google.firebase:firebase-common:19.4.0] AndroidManifest.xml:27:13-77
252            android:authorities="com.example.hyper_garage_sale.firebaseinitprovider"
252-->[com.google.firebase:firebase-common:19.4.0] AndroidManifest.xml:28:13-72
253            android:directBootAware="true"
253-->[com.google.firebase:firebase-common:19.4.0] AndroidManifest.xml:29:13-43
254            android:exported="false"
254-->[com.google.firebase:firebase-common:19.4.0] AndroidManifest.xml:30:13-37
255            android:initOrder="100" />
255-->[com.google.firebase:firebase-common:19.4.0] AndroidManifest.xml:31:13-36
256
257        <receiver
257-->[com.google.android.gms:play-services-measurement:18.0.0] AndroidManifest.xml:29:9-33:20
258            android:name="com.google.android.gms.measurement.AppMeasurementReceiver"
258-->[com.google.android.gms:play-services-measurement:18.0.0] AndroidManifest.xml:30:13-85
259            android:enabled="true"
259-->[com.google.android.gms:play-services-measurement:18.0.0] AndroidManifest.xml:31:13-35
260            android:exported="false" >
260-->[com.google.android.gms:play-services-measurement:18.0.0] AndroidManifest.xml:32:13-37
261        </receiver>
262
263        <service
263-->[com.google.android.gms:play-services-measurement:18.0.0] AndroidManifest.xml:35:9-38:40
264            android:name="com.google.android.gms.measurement.AppMeasurementService"
264-->[com.google.android.gms:play-services-measurement:18.0.0] AndroidManifest.xml:36:13-84
265            android:enabled="true"
265-->[com.google.android.gms:play-services-measurement:18.0.0] AndroidManifest.xml:37:13-35
266            android:exported="false" />
266-->[com.google.android.gms:play-services-measurement:18.0.0] AndroidManifest.xml:38:13-37
267        <service
267-->[com.google.android.gms:play-services-measurement:18.0.0] AndroidManifest.xml:39:9-43:72
268            android:name="com.google.android.gms.measurement.AppMeasurementJobService"
268-->[com.google.android.gms:play-services-measurement:18.0.0] AndroidManifest.xml:40:13-87
269            android:enabled="true"